# JRE version: Java(TM) SE Runtime Environment (17.0.12+8) (build 17.0.12+8-LTS-286)
# Java VM: Java HotSpot(TM) 64-Bit Server VM (17.0.12+8-LTS-286, mixed mode, sharing, tiered, compressed oops, compressed class ptrs, g1 gc, windows-amd64)
GC Precious Log:
 CPUs: 8 total, 8 available
 Memory: 7103M
 Large Page Support: Disabled
 NUMA Support: Disabled
 Compressed Oops: Enabled (32-bit)
 Heap Region Size: 1M
 Heap Min Capacity: 256M
 Heap Initial Capacity: 256M
 Heap Max Capacity: 512M
 Pre-touch: Disabled
 Parallel Workers: 8
 Concurrent Workers: 2
 Concurrent Refinement Workers: 8
 Periodic GC: Disabled
Heap:
 garbage-first heap   total 262144K, used 99623K [0x00000000e0000000, 0x0000000100000000)
  region size 1024K, 45 young (46080K), 7 survivors (7168K)
 Metaspace       used 59659K, committed 60224K, reserved 393216K
  class space    used 8281K, committed 8512K, reserved 327680K
GC Heap History (20 events):
Event: 0.876 GC heap before
{Heap before GC invocations=1 (full 0):
 garbage-first heap   total 262144K, used 38508K [0x00000000e0000000, 0x0000000100000000)
  region size 1024K, 32 young (32768K), 3 survivors (3072K)
 Metaspace       used 4423K, committed 4608K, reserved 393216K
  class space    used 549K, committed 640K, reserved 327680K
}
Event: 0.880 GC heap after
{Heap after GC invocations=2 (full 0):
 garbage-first heap   total 262144K, used 11440K [0x00000000e0000000, 0x0000000100000000)
  region size 1024K, 3 young (3072K), 3 survivors (3072K)
 Metaspace       used 4423K, committed 4608K, reserved 393216K
  class space    used 549K, committed 640K, reserved 327680K
}
Event: 1.587 GC heap before
{Heap before GC invocations=2 (full 0):
 garbage-first heap   total 262144K, used 57520K [0x00000000e0000000, 0x0000000100000000)
  region size 1024K, 46 young (47104K), 3 survivors (3072K)
 Metaspace       used 6485K, committed 6720K, reserved 393216K
  class space    used 862K, committed 960K, reserved 327680K
}
Event: 1.592 GC heap after
{Heap after GC invocations=3 (full 0):
 garbage-first heap   total 262144K, used 17763K [0x00000000e0000000, 0x0000000100000000)
  region size 1024K, 6 young (6144K), 6 survivors (6144K)
 Metaspace       used 6485K, committed 6720K, reserved 393216K
  class space    used 862K, committed 960K, reserved 327680K
}
Event: 3.736 GC heap before
{Heap before GC invocations=3 (full 0):
 garbage-first heap   total 262144K, used 115043K [0x00000000e0000000, 0x0000000100000000)
  region size 1024K, 102 young (104448K), 6 survivors (6144K)
 Metaspace       used 21182K, committed 21504K, reserved 393216K
  class space    used 3073K, committed 3264K, reserved 327680K
}
Event: 3.746 GC heap after
{Heap after GC invocations=4 (full 0):
 garbage-first heap   total 262144K, used 23984K [0x00000000e0000000, 0x0000000100000000)
  region size 1024K, 13 young (13312K), 13 survivors (13312K)
 Metaspace       used 21182K, committed 21504K, reserved 393216K
  class space    used 3073K, committed 3264K, reserved 327680K
}
Event: 5.480 GC heap before
{Heap before GC invocations=5 (full 0):
 garbage-first heap   total 262144K, used 141744K [0x00000000e0000000, 0x0000000100000000)
  region size 1024K, 130 young (133120K), 13 survivors (13312K)
 Metaspace       used 35744K, committed 36096K, reserved 393216K
  class space    used 5071K, committed 5248K, reserved 327680K
}
Event: 5.496 GC heap after
{Heap after GC invocations=6 (full 0):
 garbage-first heap   total 262144K, used 32727K [0x00000000e0000000, 0x0000000100000000)
  region size 1024K, 15 young (15360K), 15 survivors (15360K)
 Metaspace       used 35744K, committed 36096K, reserved 393216K
  class space    used 5071K, committed 5248K, reserved 327680K
}
Event: 5.519 GC heap before
{Heap before GC invocations=6 (full 0):
 garbage-first heap   total 262144K, used 33751K [0x00000000e0000000, 0x0000000100000000)
  region size 1024K, 16 young (16384K), 15 survivors (15360K)
 Metaspace       used 35861K, committed 36224K, reserved 393216K
  class space    used 5089K, committed 5248K, reserved 327680K
}
Event: 5.531 GC heap after
{Heap after GC invocations=7 (full 0):
 garbage-first heap   total 262144K, used 32863K [0x00000000e0000000, 0x0000000100000000)
  region size 1024K, 2 young (2048K), 2 survivors (2048K)
 Metaspace       used 35861K, committed 36224K, reserved 393216K
  class space    used 5089K, committed 5248K, reserved 327680K
}
Event: 5.572 GC heap before
{Heap before GC invocations=7 (full 0):
 garbage-first heap   total 262144K, used 33887K [0x00000000e0000000, 0x0000000100000000)
  region size 1024K, 4 young (4096K), 2 survivors (2048K)
 Metaspace       used 36049K, committed 36416K, reserved 393216K
  class space    used 5116K, committed 5312K, reserved 327680K
}
Event: 5.573 GC heap after
{Heap after GC invocations=8 (full 0):
 garbage-first heap   total 262144K, used 31441K [0x00000000e0000000, 0x0000000100000000)
  region size 1024K, 1 young (1024K), 1 survivors (1024K)
 Metaspace       used 36049K, committed 36416K, reserved 393216K
  class space    used 5116K, committed 5312K, reserved 327680K
}
Event: 7.990 GC heap before
{Heap before GC invocations=9 (full 0):
 garbage-first heap   total 262144K, used 193233K [0x00000000e0000000, 0x0000000100000000)
  region size 1024K, 153 young (156672K), 1 survivors (1024K)
 Metaspace       used 50131K, committed 50624K, reserved 393216K
  class space    used 7128K, committed 7360K, reserved 327680K
}
Event: 8.000 GC heap after
{Heap after GC invocations=10 (full 0):
 garbage-first heap   total 262144K, used 40249K [0x00000000e0000000, 0x0000000100000000)
  region size 1024K, 10 young (10240K), 10 survivors (10240K)
 Metaspace       used 50131K, committed 50624K, reserved 393216K
  class space    used 7128K, committed 7360K, reserved 327680K
}
Event: 8.021 GC heap before
{Heap before GC invocations=10 (full 0):
 garbage-first heap   total 262144K, used 41273K [0x00000000e0000000, 0x0000000100000000)
  region size 1024K, 12 young (12288K), 10 survivors (10240K)
 Metaspace       used 50613K, committed 51072K, reserved 393216K
  class space    used 7166K, committed 7360K, reserved 327680K
}
Event: 8.031 GC heap after
{Heap after GC invocations=11 (full 0):
 garbage-first heap   total 262144K, used 40977K [0x00000000e0000000, 0x0000000100000000)
  region size 1024K, 1 young (1024K), 1 survivors (1024K)
 Metaspace       used 50613K, committed 51072K, reserved 393216K
  class space    used 7166K, committed 7360K, reserved 327680K
}
Event: 9.905 GC heap before
{Heap before GC invocations=11 (full 0):
 garbage-first heap   total 262144K, used 196625K [0x00000000e0000000, 0x0000000100000000)
  region size 1024K, 153 young (156672K), 1 survivors (1024K)
 Metaspace       used 55305K, committed 55872K, reserved 393216K
  class space    used 7615K, committed 7872K, reserved 327680K
}
Event: 9.929 GC heap after
{Heap after GC invocations=12 (full 0):
 garbage-first heap   total 262144K, used 51598K [0x00000000e0000000, 0x0000000100000000)
  region size 1024K, 12 young (12288K), 12 survivors (12288K)
 Metaspace       used 55305K, committed 55872K, reserved 393216K
  class space    used 7615K, committed 7872K, reserved 327680K
}
Event: 11.459 GC heap before
{Heap before GC invocations=12 (full 0):
 garbage-first heap   total 262144K, used 199054K [0x00000000e0000000, 0x0000000100000000)
  region size 1024K, 153 young (156672K), 12 survivors (12288K)
 Metaspace       used 59622K, committed 60160K, reserved 393216K
  class space    used 8280K, committed 8512K, reserved 327680K
}
Event: 11.473 GC heap after
{Heap after GC invocations=13 (full 0):
 garbage-first heap   total 262144K, used 54567K [0x00000000e0000000, 0x0000000100000000)
  region size 1024K, 7 young (7168K), 7 survivors (7168K)
 Metaspace       used 59622K, committed 60160K, reserved 393216K
  class space    used 8280K, committed 8512K, reserved 327680K
}

